### 17.06.2020 21:35:00
Array
(
    [catalog] => Array
        (
            [0] => Чай
            [1] => Печенье
            [2] => Вафли
        )

)



### 17.06.2020 21:37:24
Array
(
    [catalog] => Array
        (
            [0] => Чай
            [1] => Печенье
            [2] => Вафли
        )

)



### 17.06.2020 21:37:30
Array
(
    [catalog] => Array
        (
            [0] => Чай
            [1] => Печенье
            [2] => Вафли
        )

)



### 17.06.2020 21:38:24
Array
(
    [catalog] => Array
        (
            [0] => Чай
            [1] => Печенье
            [2] => Вафли
        )

)



### 20.06.2020 21:13:36
Array
(
    [catalog] => Array
        (
            [0] => Чай
            [1] => Печенье
            [2] => Вафли
        )

)



### 20.06.2020 21:13:36
Array
(
    [catalog] => Array
        (
            [0] => Чай
            [1] => Печенье
            [2] => Вафли
        )

)



### 20.06.2020 21:13:36
Array
(
    [catalog] => Array
        (
            [0] => Чай
            [1] => Печенье
            [2] => Вафли
        )

)



### 20.06.2020 21:13:36
Array
(
    [catalog] => Array
        (
            [0] => Чай
            [1] => Печенье
            [2] => Вафли
        )

)



### 20.06.2020 21:13:36
Array
(
    [catalog] => Array
        (
            [0] => Чай
            [1] => Печенье
            [2] => Вафли
        )

)



### 20.06.2020 21:13:36
Array
(
    [catalog] => Array
        (
            [0] => Чай
            [1] => Печенье
            [2] => Вафли
        )

)



### 20.06.2020 21:13:36
Array
(
    [catalog] => Array
        (
            [0] => Чай
            [1] => Печенье
            [2] => Вафли
        )

)



### 20.06.2020 21:13:36
Array
(
    [catalog] => Array
        (
            [0] => Чай
            [1] => Печенье
            [2] => Вафли
        )

)



### 20.06.2020 21:13:36
Array
(
    [catalog] => Array
        (
            [0] => Чай
            [1] => Печенье
            [2] => Вафли
        )

)



### 20.06.2020 21:13:36
Array
(
    [catalog] => Array
        (
            [0] => Чай
            [1] => Печенье
            [2] => Вафли
        )

)



### 20.06.2020 21:13:36
Array
(
    [catalog] => Array
        (
            [0] => Чай
            [1] => Печенье
            [2] => Вафли
        )

)



### 20.06.2020 21:13:36
Array
(
    [catalog] => Array
        (
            [0] => Чай
            [1] => Печенье
            [2] => Вафли
        )

)



### 20.06.2020 21:13:36
Array
(
    [catalog] => Array
        (
            [0] => Чай
            [1] => Печенье
            [2] => Вафли
        )

)



### 20.06.2020 21:13:36
Array
(
    [catalog] => Array
        (
            [0] => Чай
            [1] => Печенье
            [2] => Вафли
        )

)



### 20.06.2020 21:13:36
Array
(
    [catalog] => Array
        (
            [0] => Чай
            [1] => Печенье
            [2] => Вафли
        )

)



### 20.06.2020 21:13:36
Array
(
    [catalog] => Array
        (
            [0] => Чай
            [1] => Печенье
            [2] => Вафли
        )

)



### 20.06.2020 21:13:36
Array
(
    [catalog] => Array
        (
            [0] => Чай
            [1] => Печенье
            [2] => Вафли
        )

)



### 20.06.2020 21:13:36
Array
(
    [catalog] => Array
        (
            [0] => Чай
            [1] => Печенье
            [2] => Вафли
        )

)



### 20.06.2020 21:13:36
Array
(
    [catalog] => Array
        (
            [0] => Чай
            [1] => Печенье
            [2] => Вафли
        )

)



### 20.06.2020 21:13:36
Array
(
    [catalog] => Array
        (
            [0] => Чай
            [1] => Печенье
            [2] => Вафли
        )

)



### 20.06.2020 21:13:36
Array
(
    [catalog] => Array
        (
            [0] => Чай
            [1] => Печенье
            [2] => Вафли
        )

)



### 20.06.2020 21:13:36
Array
(
    [catalog] => Array
        (
            [0] => Чай
            [1] => Печенье
            [2] => Вафли
        )

)



### 20.06.2020 21:13:36
Array
(
    [catalog] => Array
        (
            [0] => Чай
            [1] => Печенье
            [2] => Вафли
        )

)



### 20.06.2020 21:13:36
Array
(
    [catalog] => Array
        (
            [0] => Чай
            [1] => Печенье
            [2] => Вафли
        )

)



### 20.06.2020 21:13:36
Array
(
    [catalog] => Array
        (
            [0] => Чай
            [1] => Печенье
            [2] => Вафли
        )

)



### 20.06.2020 21:13:36
Array
(
    [catalog] => Array
        (
            [0] => Чай
            [1] => Печенье
            [2] => Вафли
        )

)



### 20.06.2020 21:13:36
Array
(
    [catalog] => Array
        (
            [0] => Чай
            [1] => Печенье
            [2] => Вафли
        )

)



### 20.06.2020 21:13:36
Array
(
    [catalog] => Array
        (
            [0] => Чай
            [1] => Печенье
            [2] => Вафли
        )

)



### 20.06.2020 21:13:36
Array
(
    [catalog] => Array
        (
            [0] => Чай
            [1] => Печенье
            [2] => Вафли
        )

)



### 20.06.2020 21:13:36
Array
(
    [catalog] => Array
        (
            [0] => Чай
            [1] => Печенье
            [2] => Вафли
        )

)



### 20.06.2020 21:13:36
Array
(
    [catalog] => Array
        (
            [0] => Чай
            [1] => Печенье
            [2] => Вафли
        )

)



### 20.06.2020 21:13:36
Array
(
    [catalog] => Array
        (
            [0] => Чай
            [1] => Печенье
            [2] => Вафли
        )

)



### 20.06.2020 21:13:36
Array
(
    [catalog] => Array
        (
            [0] => Чай
            [1] => Печенье
            [2] => Вафли
        )

)



### 20.06.2020 21:13:36
Array
(
    [catalog] => Array
        (
            [0] => Чай
            [1] => Печенье
            [2] => Вафли
        )

)



### 20.06.2020 21:13:36
Array
(
    [catalog] => Array
        (
            [0] => Чай
            [1] => Печенье
            [2] => Вафли
        )

)



### 20.06.2020 21:13:36
Array
(
    [catalog] => Array
        (
            [0] => Чай
            [1] => Печенье
            [2] => Вафли
        )

)



### 20.06.2020 21:13:36
Array
(
    [catalog] => Array
        (
            [0] => Чай
            [1] => Печенье
            [2] => Вафли
        )

)



### 20.06.2020 21:13:36
Array
(
    [catalog] => Array
        (
            [0] => Чай
            [1] => Печенье
            [2] => Вафли
        )

)



### 20.06.2020 21:13:36
Array
(
    [catalog] => Array
        (
            [0] => Чай
            [1] => Печенье
            [2] => Вафли
        )

)



### 20.06.2020 21:13:36
Array
(
    [catalog] => Array
        (
            [0] => Чай
            [1] => Печенье
            [2] => Вафли
        )

)



### 20.06.2020 21:13:41
Array
(
    [catalog] => Array
        (
            [0] => Чай
            [1] => Печенье
            [2] => Вафли
        )

)



### 20.06.2020 21:13:41
Array
(
    [catalog] => Array
        (
            [0] => Чай
            [1] => Печенье
            [2] => Вафли
        )

)



### 20.06.2020 21:13:41
Array
(
    [catalog] => Array
        (
            [0] => Чай
            [1] => Печенье
            [2] => Вафли
        )

)



### 20.06.2020 21:13:41
Array
(
    [catalog] => Array
        (
            [0] => Чай
            [1] => Печенье
            [2] => Вафли
        )

)



### 20.06.2020 21:13:41
Array
(
    [catalog] => Array
        (
            [0] => Чай
            [1] => Печенье
            [2] => Вафли
        )

)



### 20.06.2020 21:13:41
Array
(
    [catalog] => Array
        (
            [0] => Чай
            [1] => Печенье
            [2] => Вафли
        )

)



### 20.06.2020 21:13:41
Array
(
    [catalog] => Array
        (
            [0] => Чай
            [1] => Печенье
            [2] => Вафли
        )

)



### 20.06.2020 21:13:41
Array
(
    [catalog] => Array
        (
            [0] => Чай
            [1] => Печенье
            [2] => Вафли
        )

)



### 20.06.2020 21:13:41
Array
(
    [catalog] => Array
        (
            [0] => Чай
            [1] => Печенье
            [2] => Вафли
        )

)



### 20.06.2020 21:13:41
Array
(
    [catalog] => Array
        (
            [0] => Чай
            [1] => Печенье
            [2] => Вафли
        )

)



### 20.06.2020 21:13:41
Array
(
    [catalog] => Array
        (
            [0] => Чай
            [1] => Печенье
            [2] => Вафли
        )

)



### 20.06.2020 21:13:41
Array
(
    [catalog] => Array
        (
            [0] => Чай
            [1] => Печенье
            [2] => Вафли
        )

)



### 20.06.2020 21:13:41
Array
(
    [catalog] => Array
        (
            [0] => Чай
            [1] => Печенье
            [2] => Вафли
        )

)



### 20.06.2020 21:13:41
Array
(
    [catalog] => Array
        (
            [0] => Чай
            [1] => Печенье
            [2] => Вафли
        )

)



### 20.06.2020 21:13:41
Array
(
    [catalog] => Array
        (
            [0] => Чай
            [1] => Печенье
            [2] => Вафли
        )

)



### 20.06.2020 21:13:41
Array
(
    [catalog] => Array
        (
            [0] => Чай
            [1] => Печенье
            [2] => Вафли
        )

)



### 20.06.2020 21:13:41
Array
(
    [catalog] => Array
        (
            [0] => Чай
            [1] => Печенье
            [2] => Вафли
        )

)



### 20.06.2020 21:13:41
Array
(
    [catalog] => Array
        (
            [0] => Чай
            [1] => Печенье
            [2] => Вафли
        )

)



### 20.06.2020 21:13:41
Array
(
    [catalog] => Array
        (
            [0] => Чай
            [1] => Печенье
            [2] => Вафли
        )

)



### 20.06.2020 21:13:41
Array
(
    [catalog] => Array
        (
            [0] => Чай
            [1] => Печенье
            [2] => Вафли
        )

)



### 20.06.2020 21:13:59
Array
(
    [catalog] => Array
        (
            [0] => Чай
            [1] => Печенье
            [2] => Вафли
        )

)



### 20.06.2020 21:13:59
Array
(
    [catalog] => Array
        (
            [0] => Чай
            [1] => Печенье
            [2] => Вафли
        )

)



### 20.06.2020 21:13:59
Array
(
    [catalog] => Array
        (
            [0] => Чай
            [1] => Печенье
            [2] => Вафли
        )

)



### 20.06.2020 21:13:59
Array
(
    [catalog] => Array
        (
            [0] => Чай
            [1] => Печенье
            [2] => Вафли
        )

)



### 20.06.2020 21:13:59
Array
(
    [catalog] => Array
        (
            [0] => Чай
            [1] => Печенье
            [2] => Вафли
        )

)



### 20.06.2020 21:13:59
Array
(
    [catalog] => Array
        (
            [0] => Чай
            [1] => Печенье
            [2] => Вафли
        )

)



### 20.06.2020 21:13:59
Array
(
    [catalog] => Array
        (
            [0] => Чай
            [1] => Печенье
            [2] => Вафли
        )

)



### 20.06.2020 21:13:59
Array
(
    [catalog] => Array
        (
            [0] => Чай
            [1] => Печенье
            [2] => Вафли
        )

)



### 20.06.2020 21:13:59
Array
(
    [catalog] => Array
        (
            [0] => Чай
            [1] => Печенье
            [2] => Вафли
        )

)



### 20.06.2020 21:13:59
Array
(
    [catalog] => Array
        (
            [0] => Чай
            [1] => Печенье
            [2] => Вафли
        )

)



### 20.06.2020 21:13:59
Array
(
    [catalog] => Array
        (
            [0] => Чай
            [1] => Печенье
            [2] => Вафли
        )

)



### 20.06.2020 21:13:59
Array
(
    [catalog] => Array
        (
            [0] => Чай
            [1] => Печенье
            [2] => Вафли
        )

)



### 20.06.2020 21:13:59
Array
(
    [catalog] => Array
        (
            [0] => Чай
            [1] => Печенье
            [2] => Вафли
        )

)



### 20.06.2020 21:13:59
Array
(
    [catalog] => Array
        (
            [0] => Чай
            [1] => Печенье
            [2] => Вафли
        )

)



### 20.06.2020 21:13:59
Array
(
    [catalog] => Array
        (
            [0] => Чай
            [1] => Печенье
            [2] => Вафли
        )

)



### 20.06.2020 21:13:59
Array
(
    [catalog] => Array
        (
            [0] => Чай
            [1] => Печенье
            [2] => Вафли
        )

)



### 20.06.2020 21:13:59
Array
(
    [catalog] => Array
        (
            [0] => Чай
            [1] => Печенье
            [2] => Вафли
        )

)



### 20.06.2020 21:13:59
Array
(
    [catalog] => Array
        (
            [0] => Чай
            [1] => Печенье
            [2] => Вафли
        )

)



### 20.06.2020 21:13:59
Array
(
    [catalog] => Array
        (
            [0] => Чай
            [1] => Печенье
            [2] => Вафли
        )

)



### 20.06.2020 21:13:59
Array
(
    [catalog] => Array
        (
            [0] => Чай
            [1] => Печенье
            [2] => Вафли
        )

)



### 20.06.2020 21:13:59
Array
(
    [catalog] => Array
        (
            [0] => Чай
            [1] => Печенье
            [2] => Вафли
        )

)



### 20.06.2020 21:13:59
Array
(
    [catalog] => Array
        (
            [0] => Чай
            [1] => Печенье
            [2] => Вафли
        )

)



### 20.06.2020 21:13:59
Array
(
    [catalog] => Array
        (
            [0] => Чай
            [1] => Печенье
            [2] => Вафли
        )

)



### 20.06.2020 21:13:59
Array
(
    [catalog] => Array
        (
            [0] => Чай
            [1] => Печенье
            [2] => Вафли
        )

)



### 20.06.2020 21:13:59
Array
(
    [catalog] => Array
        (
            [0] => Чай
            [1] => Печенье
            [2] => Вафли
        )

)



### 20.06.2020 21:13:59
Array
(
    [catalog] => Array
        (
            [0] => Чай
            [1] => Печенье
            [2] => Вафли
        )

)



### 20.06.2020 21:13:59
Array
(
    [catalog] => Array
        (
            [0] => Чай
            [1] => Печенье
            [2] => Вафли
        )

)



### 20.06.2020 21:13:59
Array
(
    [catalog] => Array
        (
            [0] => Чай
            [1] => Печенье
            [2] => Вафли
        )

)



### 20.06.2020 21:13:59
Array
(
    [catalog] => Array
        (
            [0] => Чай
            [1] => Печенье
            [2] => Вафли
        )

)



### 20.06.2020 21:13:59
Array
(
    [catalog] => Array
        (
            [0] => Чай
            [1] => Печенье
            [2] => Вафли
        )

)



### 20.06.2020 21:13:59
Array
(
    [catalog] => Array
        (
            [0] => Чай
            [1] => Печенье
            [2] => Вафли
        )

)



### 20.06.2020 21:13:59
Array
(
    [catalog] => Array
        (
            [0] => Чай
            [1] => Печенье
            [2] => Вафли
        )

)



### 20.06.2020 21:13:59
Array
(
    [catalog] => Array
        (
            [0] => Чай
            [1] => Печенье
            [2] => Вафли
        )

)



### 20.06.2020 21:13:59
Array
(
    [catalog] => Array
        (
            [0] => Чай
            [1] => Печенье
            [2] => Вафли
        )

)



### 20.06.2020 21:13:59
Array
(
    [catalog] => Array
        (
            [0] => Чай
            [1] => Печенье
            [2] => Вафли
        )

)



### 20.06.2020 21:13:59
Array
(
    [catalog] => Array
        (
            [0] => Чай
            [1] => Печенье
            [2] => Вафли
        )

)



### 20.06.2020 21:13:59
Array
(
    [catalog] => Array
        (
            [0] => Чай
            [1] => Печенье
            [2] => Вафли
        )

)



### 20.06.2020 21:13:59
Array
(
    [catalog] => Array
        (
            [0] => Чай
            [1] => Печенье
            [2] => Вафли
        )

)



### 20.06.2020 21:13:59
Array
(
    [catalog] => Array
        (
            [0] => Чай
            [1] => Печенье
            [2] => Вафли
        )

)



### 20.06.2020 21:13:59
Array
(
    [catalog] => Array
        (
            [0] => Чай
            [1] => Печенье
            [2] => Вафли
        )

)



### 20.06.2020 21:14:06
Array
(
    [catalog] => Array
        (
            [0] => Чай
            [1] => Печенье
            [2] => Вафли
        )

)



### 20.06.2020 21:14:06
Array
(
    [catalog] => Array
        (
            [0] => Чай
            [1] => Печенье
            [2] => Вафли
        )

)



### 20.06.2020 21:14:06
Array
(
    [catalog] => Array
        (
            [0] => Чай
            [1] => Печенье
            [2] => Вафли
        )

)



### 20.06.2020 21:14:06
Array
(
    [catalog] => Array
        (
            [0] => Чай
            [1] => Печенье
            [2] => Вафли
        )

)



### 20.06.2020 21:14:06
Array
(
    [catalog] => Array
        (
            [0] => Чай
            [1] => Печенье
            [2] => Вафли
        )

)



### 20.06.2020 21:14:06
Array
(
    [catalog] => Array
        (
            [0] => Чай
            [1] => Печенье
            [2] => Вафли
        )

)



### 20.06.2020 21:14:06
Array
(
    [catalog] => Array
        (
            [0] => Чай
            [1] => Печенье
            [2] => Вафли
        )

)



### 20.06.2020 21:14:06
Array
(
    [catalog] => Array
        (
            [0] => Чай
            [1] => Печенье
            [2] => Вафли
        )

)



### 20.06.2020 21:14:06
Array
(
    [catalog] => Array
        (
            [0] => Чай
            [1] => Печенье
            [2] => Вафли
        )

)



### 20.06.2020 21:14:06
Array
(
    [catalog] => Array
        (
            [0] => Чай
            [1] => Печенье
            [2] => Вафли
        )

)



### 20.06.2020 21:14:06
Array
(
    [catalog] => Array
        (
            [0] => Чай
            [1] => Печенье
            [2] => Вафли
        )

)



### 20.06.2020 21:14:06
Array
(
    [catalog] => Array
        (
            [0] => Чай
            [1] => Печенье
            [2] => Вафли
        )

)



### 20.06.2020 21:14:06
Array
(
    [catalog] => Array
        (
            [0] => Чай
            [1] => Печенье
            [2] => Вафли
        )

)



### 20.06.2020 21:14:06
Array
(
    [catalog] => Array
        (
            [0] => Чай
            [1] => Печенье
            [2] => Вафли
        )

)



### 20.06.2020 21:14:06
Array
(
    [catalog] => Array
        (
            [0] => Чай
            [1] => Печенье
            [2] => Вафли
        )

)



### 20.06.2020 21:14:06
Array
(
    [catalog] => Array
        (
            [0] => Чай
            [1] => Печенье
            [2] => Вафли
        )

)



### 20.06.2020 21:14:06
Array
(
    [catalog] => Array
        (
            [0] => Чай
            [1] => Печенье
            [2] => Вафли
        )

)



### 20.06.2020 21:14:06
Array
(
    [catalog] => Array
        (
            [0] => Чай
            [1] => Печенье
            [2] => Вафли
        )

)



### 20.06.2020 21:14:06
Array
(
    [catalog] => Array
        (
            [0] => Чай
            [1] => Печенье
            [2] => Вафли
        )

)



### 20.06.2020 21:14:06
Array
(
    [catalog] => Array
        (
            [0] => Чай
            [1] => Печенье
            [2] => Вафли
        )

)



### 20.06.2020 21:14:06
Array
(
    [catalog] => Array
        (
            [0] => Чай
            [1] => Печенье
            [2] => Вафли
        )

)



### 20.06.2020 21:14:06
Array
(
    [catalog] => Array
        (
            [0] => Чай
            [1] => Печенье
            [2] => Вафли
        )

)



### 20.06.2020 21:14:06
Array
(
    [catalog] => Array
        (
            [0] => Чай
            [1] => Печенье
            [2] => Вафли
        )

)



### 20.06.2020 21:14:06
Array
(
    [catalog] => Array
        (
            [0] => Чай
            [1] => Печенье
            [2] => Вафли
        )

)



### 20.06.2020 21:14:06
Array
(
    [catalog] => Array
        (
            [0] => Чай
            [1] => Печенье
            [2] => Вафли
        )

)



### 20.06.2020 21:14:06
Array
(
    [catalog] => Array
        (
            [0] => Чай
            [1] => Печенье
            [2] => Вафли
        )

)



### 20.06.2020 21:14:06
Array
(
    [catalog] => Array
        (
            [0] => Чай
            [1] => Печенье
            [2] => Вафли
        )

)



### 20.06.2020 21:14:06
Array
(
    [catalog] => Array
        (
            [0] => Чай
            [1] => Печенье
            [2] => Вафли
        )

)



### 20.06.2020 21:14:06
Array
(
    [catalog] => Array
        (
            [0] => Чай
            [1] => Печенье
            [2] => Вафли
        )

)



### 20.06.2020 21:14:06
Array
(
    [catalog] => Array
        (
            [0] => Чай
            [1] => Печенье
            [2] => Вафли
        )

)



### 20.06.2020 21:14:06
Array
(
    [catalog] => Array
        (
            [0] => Чай
            [1] => Печенье
            [2] => Вафли
        )

)



### 20.06.2020 21:14:06
Array
(
    [catalog] => Array
        (
            [0] => Чай
            [1] => Печенье
            [2] => Вафли
        )

)



### 20.06.2020 21:14:06
Array
(
    [catalog] => Array
        (
            [0] => Чай
            [1] => Печенье
            [2] => Вафли
        )

)



### 20.06.2020 21:14:06
Array
(
    [catalog] => Array
        (
            [0] => Чай
            [1] => Печенье
            [2] => Вафли
        )

)



### 20.06.2020 21:14:06
Array
(
    [catalog] => Array
        (
            [0] => Чай
            [1] => Печенье
            [2] => Вафли
        )

)



### 20.06.2020 21:14:06
Array
(
    [catalog] => Array
        (
            [0] => Чай
            [1] => Печенье
            [2] => Вафли
        )

)



### 20.06.2020 21:14:06
Array
(
    [catalog] => Array
        (
            [0] => Чай
            [1] => Печенье
            [2] => Вафли
        )

)



### 20.06.2020 21:14:06
Array
(
    [catalog] => Array
        (
            [0] => Чай
            [1] => Печенье
            [2] => Вафли
        )

)



### 20.06.2020 21:14:06
Array
(
    [catalog] => Array
        (
            [0] => Чай
            [1] => Печенье
            [2] => Вафли
        )

)



### 20.06.2020 21:14:06
Array
(
    [catalog] => Array
        (
            [0] => Чай
            [1] => Печенье
            [2] => Вафли
        )

)



### 20.06.2020 21:14:11
Array
(
    [catalog] => Array
        (
            [0] => Чай
            [1] => Печенье
            [2] => Вафли
        )

)



### 20.06.2020 21:14:11
Array
(
    [catalog] => Array
        (
            [0] => Чай
            [1] => Печенье
            [2] => Вафли
        )

)



### 20.06.2020 21:14:11
Array
(
    [catalog] => Array
        (
            [0] => Чай
            [1] => Печенье
            [2] => Вафли
        )

)



### 20.06.2020 21:14:11
Array
(
    [catalog] => Array
        (
            [0] => Чай
            [1] => Печенье
            [2] => Вафли
        )

)



### 20.06.2020 21:14:11
Array
(
    [catalog] => Array
        (
            [0] => Чай
            [1] => Печенье
            [2] => Вафли
        )

)



### 20.06.2020 21:14:11
Array
(
    [catalog] => Array
        (
            [0] => Чай
            [1] => Печенье
            [2] => Вафли
        )

)



### 20.06.2020 21:14:11
Array
(
    [catalog] => Array
        (
            [0] => Чай
            [1] => Печенье
            [2] => Вафли
        )

)



### 20.06.2020 21:14:11
Array
(
    [catalog] => Array
        (
            [0] => Чай
            [1] => Печенье
            [2] => Вафли
        )

)



### 20.06.2020 21:14:11
Array
(
    [catalog] => Array
        (
            [0] => Чай
            [1] => Печенье
            [2] => Вафли
        )

)



### 20.06.2020 21:14:11
Array
(
    [catalog] => Array
        (
            [0] => Чай
            [1] => Печенье
            [2] => Вафли
        )

)



### 20.06.2020 21:14:11
Array
(
    [catalog] => Array
        (
            [0] => Чай
            [1] => Печенье
            [2] => Вафли
        )

)



### 20.06.2020 21:14:12
Array
(
    [catalog] => Array
        (
            [0] => Чай
            [1] => Печенье
            [2] => Вафли
        )

)



### 20.06.2020 21:14:12
Array
(
    [catalog] => Array
        (
            [0] => Чай
            [1] => Печенье
            [2] => Вафли
        )

)



### 20.06.2020 21:14:12
Array
(
    [catalog] => Array
        (
            [0] => Чай
            [1] => Печенье
            [2] => Вафли
        )

)



### 20.06.2020 21:14:12
Array
(
    [catalog] => Array
        (
            [0] => Чай
            [1] => Печенье
            [2] => Вафли
        )

)



### 20.06.2020 21:14:12
Array
(
    [catalog] => Array
        (
            [0] => Чай
            [1] => Печенье
            [2] => Вафли
        )

)



### 20.06.2020 21:14:12
Array
(
    [catalog] => Array
        (
            [0] => Чай
            [1] => Печенье
            [2] => Вафли
        )

)



### 20.06.2020 21:14:12
Array
(
    [catalog] => Array
        (
            [0] => Чай
            [1] => Печенье
            [2] => Вафли
        )

)



### 20.06.2020 21:14:12
Array
(
    [catalog] => Array
        (
            [0] => Чай
            [1] => Печенье
            [2] => Вафли
        )

)



### 20.06.2020 21:14:12
Array
(
    [catalog] => Array
        (
            [0] => Чай
            [1] => Печенье
            [2] => Вафли
        )

)



### 20.06.2020 21:14:42
Array
(
    [catalog] => Array
        (
            [0] => Чай
            [1] => Печенье
            [2] => Вафли
        )

)



### 20.06.2020 21:14:42
Array
(
    [catalog] => Array
        (
            [0] => Чай
            [1] => Печенье
            [2] => Вафли
        )

)



### 20.06.2020 21:14:42
Array
(
    [catalog] => Array
        (
            [0] => Чай
            [1] => Печенье
            [2] => Вафли
        )

)



### 20.06.2020 21:14:42
Array
(
    [catalog] => Array
        (
            [0] => Чай
            [1] => Печенье
            [2] => Вафли
        )

)



### 20.06.2020 21:14:42
Array
(
    [catalog] => Array
        (
            [0] => Чай
            [1] => Печенье
            [2] => Вафли
        )

)



### 20.06.2020 21:14:42
Array
(
    [catalog] => Array
        (
            [0] => Чай
            [1] => Печенье
            [2] => Вафли
        )

)



### 20.06.2020 21:14:42
Array
(
    [catalog] => Array
        (
            [0] => Чай
            [1] => Печенье
            [2] => Вафли
        )

)



### 20.06.2020 21:14:42
Array
(
    [catalog] => Array
        (
            [0] => Чай
            [1] => Печенье
            [2] => Вафли
        )

)



### 20.06.2020 21:14:42
Array
(
    [catalog] => Array
        (
            [0] => Чай
            [1] => Печенье
            [2] => Вафли
        )

)



### 20.06.2020 21:14:42
Array
(
    [catalog] => Array
        (
            [0] => Чай
            [1] => Печенье
            [2] => Вафли
        )

)



### 20.06.2020 21:14:42
Array
(
    [catalog] => Array
        (
            [0] => Чай
            [1] => Печенье
            [2] => Вафли
        )

)



### 20.06.2020 21:14:42
Array
(
    [catalog] => Array
        (
            [0] => Чай
            [1] => Печенье
            [2] => Вафли
        )

)



### 20.06.2020 21:14:42
Array
(
    [catalog] => Array
        (
            [0] => Чай
            [1] => Печенье
            [2] => Вафли
        )

)



### 20.06.2020 21:14:42
Array
(
    [catalog] => Array
        (
            [0] => Чай
            [1] => Печенье
            [2] => Вафли
        )

)



### 20.06.2020 21:14:42
Array
(
    [catalog] => Array
        (
            [0] => Чай
            [1] => Печенье
            [2] => Вафли
        )

)



### 20.06.2020 21:14:42
Array
(
    [catalog] => Array
        (
            [0] => Чай
            [1] => Печенье
            [2] => Вафли
        )

)



### 20.06.2020 21:14:42
Array
(
    [catalog] => Array
        (
            [0] => Чай
            [1] => Печенье
            [2] => Вафли
        )

)



### 20.06.2020 21:14:42
Array
(
    [catalog] => Array
        (
            [0] => Чай
            [1] => Печенье
            [2] => Вафли
        )

)



### 20.06.2020 21:14:42
Array
(
    [catalog] => Array
        (
            [0] => Чай
            [1] => Печенье
            [2] => Вафли
        )

)



### 20.06.2020 21:14:42
Array
(
    [catalog] => Array
        (
            [0] => Чай
            [1] => Печенье
            [2] => Вафли
        )

)



### 20.06.2020 21:15:42
Array
(
    [catalog] => Array
        (
            [0] => Чай
            [1] => Печенье
            [2] => Вафли
        )

)



### 20.06.2020 21:15:42
Array
(
    [catalog] => Array
        (
            [0] => Чай
            [1] => Печенье
            [2] => Вафли
        )

)



### 20.06.2020 21:15:42
Array
(
    [catalog] => Array
        (
            [0] => Чай
            [1] => Печенье
            [2] => Вафли
        )

)



### 20.06.2020 21:15:42
Array
(
    [catalog] => Array
        (
            [0] => Чай
            [1] => Печенье
            [2] => Вафли
        )

)



### 20.06.2020 21:15:42
Array
(
    [catalog] => Array
        (
            [0] => Чай
            [1] => Печенье
            [2] => Вафли
        )

)



### 20.06.2020 21:15:42
Array
(
    [catalog] => Array
        (
            [0] => Чай
            [1] => Печенье
            [2] => Вафли
        )

)



### 20.06.2020 21:15:42
Array
(
    [catalog] => Array
        (
            [0] => Чай
            [1] => Печенье
            [2] => Вафли
        )

)



### 20.06.2020 21:15:42
Array
(
    [catalog] => Array
        (
            [0] => Чай
            [1] => Печенье
            [2] => Вафли
        )

)



### 20.06.2020 21:15:42
Array
(
    [catalog] => Array
        (
            [0] => Чай
            [1] => Печенье
            [2] => Вафли
        )

)



### 20.06.2020 21:15:42
Array
(
    [catalog] => Array
        (
            [0] => Чай
            [1] => Печенье
            [2] => Вафли
        )

)



### 20.06.2020 21:15:42
Array
(
    [catalog] => Array
        (
            [0] => Чай
            [1] => Печенье
            [2] => Вафли
        )

)



### 20.06.2020 21:15:42
Array
(
    [catalog] => Array
        (
            [0] => Чай
            [1] => Печенье
            [2] => Вафли
        )

)



### 20.06.2020 21:15:42
Array
(
    [catalog] => Array
        (
            [0] => Чай
            [1] => Печенье
            [2] => Вафли
        )

)



### 20.06.2020 21:15:42
Array
(
    [catalog] => Array
        (
            [0] => Чай
            [1] => Печенье
            [2] => Вафли
        )

)



### 20.06.2020 21:15:42
Array
(
    [catalog] => Array
        (
            [0] => Чай
            [1] => Печенье
            [2] => Вафли
        )

)



### 20.06.2020 21:15:42
Array
(
    [catalog] => Array
        (
            [0] => Чай
            [1] => Печенье
            [2] => Вафли
        )

)



### 20.06.2020 21:15:42
Array
(
    [catalog] => Array
        (
            [0] => Чай
            [1] => Печенье
            [2] => Вафли
        )

)



### 20.06.2020 21:15:42
Array
(
    [catalog] => Array
        (
            [0] => Чай
            [1] => Печенье
            [2] => Вафли
        )

)



### 20.06.2020 21:15:42
Array
(
    [catalog] => Array
        (
            [0] => Чай
            [1] => Печенье
            [2] => Вафли
        )

)



### 20.06.2020 21:15:42
Array
(
    [catalog] => Array
        (
            [0] => Чай
            [1] => Печенье
            [2] => Вафли
        )

)



### 20.06.2020 21:18:32
Array
(
    [catalog] => Array
        (
            [0] => Чай
            [1] => Печенье
            [2] => Вафли
        )

)



### 20.06.2020 21:26:04
Array
(
    [catalog] => Array
        (
            [0] => Чай
            [1] => Печенье
            [2] => Вафли
        )

)



### 20.06.2020 21:26:10
Array
(
    [catalog] => Array
        (
            [0] => Чай
            [1] => Печенье
            [2] => Вафли
        )

)



### 20.06.2020 21:26:26
Array
(
    [catalog] => Array
        (
            [0] => Чай
            [1] => Печенье
            [2] => Вафли
        )

)



### 20.06.2020 21:29:28
Array
(
    [catalog] => Array
        (
            [0] => Чай
            [1] => Печенье
            [2] => Вафли
        )

)



### 20.06.2020 21:29:31
Array
(
    [catalog] => Array
        (
            [0] => Чай
            [1] => Печенье
            [2] => Вафли
        )

)



### 20.06.2020 21:29:33
Array
(
    [catalog] => Array
        (
            [0] => Чай
            [1] => Печенье
            [2] => Вафли
        )

)



### 20.06.2020 21:29:34
Array
(
    [catalog] => Array
        (
            [0] => Чай
            [1] => Печенье
            [2] => Вафли
        )

)



### 20.06.2020 21:35:06
Array
(
    [catalog] => Array
        (
            [0] => Чай
            [1] => Печенье
            [2] => Вафли
        )

)



### 20.06.2020 21:35:10
Array
(
    [catalog] => Array
        (
            [0] => Чай
            [1] => Печенье
            [2] => Вафли
        )

)



### 20.06.2020 21:41:17
Array
(
    [catalog] => Array
        (
            [0] => Чай
            [1] => Печенье
            [2] => Вафли
        )

)



### 27.06.2020 09:29:54
Array
(
    [catalog] => Array
        (
            [0] => Чай
            [1] => Печенье
            [2] => Вафли
        )

)



### 27.06.2020 09:30:06
Array
(
    [catalog] => Array
        (
            [0] => Чай
            [1] => Печенье
            [2] => Вафли
        )

)



### 27.06.2020 09:36:40
Array
(
    [catalog] => Array
        (
            [0] => Чай
            [1] => Печенье
            [2] => Вафли
        )

)



### 27.06.2020 09:36:48
Array
(
    [catalog] => Array
        (
            [0] => Чай
            [1] => Печенье
            [2] => Вафли
        )

)



### 27.06.2020 09:36:55
Array
(
    [catalog] => Array
        (
            [0] => Чай
            [1] => Печенье
            [2] => Вафли
        )

)



### 27.06.2020 09:37:03
Array
(
    [catalog] => Array
        (
            [0] => Чай
            [1] => Печенье
            [2] => Вафли
        )

)



### 27.06.2020 10:24:21
Array
(
    [catalog] => Array
        (
            [0] => Чай
            [1] => Печенье
            [2] => Вафли
        )

)



### 27.06.2020 14:06:16
Array
(
    [catalog] => Array
        (
            [0] => Чай
            [1] => Печенье
            [2] => Вафли
        )

)



### 27.06.2020 14:11:54
Array
(
    [catalog] => Array
        (
            [0] => Чай
            [1] => Печенье
            [2] => Вафли
        )

)



### 27.06.2020 14:13:31
Array
(
    [catalog] => Array
        (
            [0] => Чай
            [1] => Печенье
            [2] => Вафли
        )

)



### 27.06.2020 14:13:44
Array
(
    [catalog] => Array
        (
            [0] => Чай
            [1] => Печенье
            [2] => Вафли
        )

)



### 27.06.2020 14:13:49
Array
(
    [catalog] => Array
        (
            [0] => Чай
            [1] => Печенье
            [2] => Вафли
        )

)



### 27.06.2020 14:15:51
Array
(
    [catalog] => Array
        (
            [0] => Чай
            [1] => Печенье
            [2] => Вафли
        )

)



### 27.06.2020 14:26:24
Array
(
    [catalog] => Array
        (
            [0] => Чай
            [1] => Печенье
            [2] => Вафли
        )

)



### 27.06.2020 15:10:53
Array
(
    [layout] => catalog
    [catalog] => Array
        (
            [0] => Чай
            [1] => Печенье
            [2] => Вафли
        )

)



### 27.06.2020 15:11:50
Array
(
    [layout] => main
    [catalog] => Array
        (
            [0] => Чай
            [1] => Печенье
            [2] => Вафли
        )

)



### 27.06.2020 15:41:50
Array
(
    [layout] => main
    [catalog] => Array
        (
            [0] => Чай
            [1] => Печенье
            [2] => Вафли
        )

)



### 27.06.2020 18:36:01
Array
(
    [layout] => main
    [catalog] => Array
        (
            [0] => Чай
            [1] => Печенье
            [2] => Вафли
        )

)



### 30.06.2020 20:39:47
Array
(
    [layout] => main
    [catalog] => Array
        (
        )

)



### 30.06.2020 21:01:13
Array
(
    [layout] => main
    [catalog] => Array
        (
            [0] => Array
                (
                    [id] => 1
                    [name] => Мангал
                    [description] => Размер 400*240*400*0,4 мм. В комплекте 6 шампуров 34 см из нержавеющей стали. Упаковка - термоусадочная пленка. Толщина стали 0,4 мм.
                    [image] => mangal.jpg
                    [price] => 250
                )

            [1] => Array
                (
                    [id] => 2
                    [name] => Щепа д/копчения
                    [description] => Считается, что натуральная щепа для копчения не допускает никакой переработки, обработки, пропитки. Особым образом выбранный тип древесины, ее возраст, география произрастания, качество измельчения влияют на полученную в итоге щепу. Нашим клиентам предлагается щепа для копчения «FireWood», которая отлично подойдет для копчения мяса и рыбы. Наша щепа для копчения имеет свои достоинства: экономный расход, хороший режим тления, отсутствие пыли, небольшое время копчения, высокая степень сушки и т.д.
                    [image] => fire_wood.jpg
                    [price] => 120
                )

            [2] => Array
                (
                    [id] => 5
                    [name] => Гель Супер Момент
                    [description] => Идеально для склеивания в различном сочетании таких материалов, как: кожа, дерево, резина, бумага, картон, фарфор, металл, пластики.
                    [image] => glue.jpg
                    [price] => 50
                )

            [3] => Array
                (
                    [id] => 6
                    [name] => Ведро строительное пластиковое
                    [description] => Изготовлено из ударопрочного пластика. Ручка металлическая. Внутри ведра нанесена разметка в литрах. Ведро предназначено для размешивания и переноски строительных и клеевых штукатурных растворов.
                    [image] => bucket.jpg
                    [price] => 160
                )

        )

)



### 30.06.2020 21:05:39
Array
(
    [layout] => main
    [catalog] => Array
        (
            [0] => Array
                (
                    [id] => 1
                    [name] => Мангал
                    [description] => Размер 400*240*400*0,4 мм. В комплекте 6 шампуров 34 см из нержавеющей стали. Упаковка - термоусадочная пленка. Толщина стали 0,4 мм.
                    [image] => mangal.jpg
                    [price] => 250
                )

            [1] => Array
                (
                    [id] => 2
                    [name] => Щепа д/копчения
                    [description] => Считается, что натуральная щепа для копчения не допускает никакой переработки, обработки, пропитки. Особым образом выбранный тип древесины, ее возраст, география произрастания, качество измельчения влияют на полученную в итоге щепу. Нашим клиентам предлагается щепа для копчения «FireWood», которая отлично подойдет для копчения мяса и рыбы. Наша щепа для копчения имеет свои достоинства: экономный расход, хороший режим тления, отсутствие пыли, небольшое время копчения, высокая степень сушки и т.д.
                    [image] => fire_wood.jpg
                    [price] => 120
                )

            [2] => Array
                (
                    [id] => 5
                    [name] => Гель Супер Момент
                    [description] => Идеально для склеивания в различном сочетании таких материалов, как: кожа, дерево, резина, бумага, картон, фарфор, металл, пластики.
                    [image] => glue.jpg
                    [price] => 50
                )

            [3] => Array
                (
                    [id] => 6
                    [name] => Ведро строительное пластиковое
                    [description] => Изготовлено из ударопрочного пластика. Ручка металлическая. Внутри ведра нанесена разметка в литрах. Ведро предназначено для размешивания и переноски строительных и клеевых штукатурных растворов.
                    [image] => bucket.jpg
                    [price] => 160
                )

        )

)



### 30.06.2020 21:06:50
Array
(
    [layout] => main
    [catalog] => Array
        (
            [0] => Array
                (
                    [id] => 1
                    [name] => Мангал
                    [description] => Размер 400*240*400*0,4 мм. В комплекте 6 шампуров 34 см из нержавеющей стали. Упаковка - термоусадочная пленка. Толщина стали 0,4 мм.
                    [image] => mangal.jpg
                    [price] => 250
                )

            [1] => Array
                (
                    [id] => 2
                    [name] => Щепа д/копчения
                    [description] => Считается, что натуральная щепа для копчения не допускает никакой переработки, обработки, пропитки. Особым образом выбранный тип древесины, ее возраст, география произрастания, качество измельчения влияют на полученную в итоге щепу. Нашим клиентам предлагается щепа для копчения «FireWood», которая отлично подойдет для копчения мяса и рыбы. Наша щепа для копчения имеет свои достоинства: экономный расход, хороший режим тления, отсутствие пыли, небольшое время копчения, высокая степень сушки и т.д.
                    [image] => fire_wood.jpg
                    [price] => 120
                )

            [2] => Array
                (
                    [id] => 5
                    [name] => Гель Супер Момент
                    [description] => Идеально для склеивания в различном сочетании таких материалов, как: кожа, дерево, резина, бумага, картон, фарфор, металл, пластики.
                    [image] => glue.jpg
                    [price] => 50
                )

            [3] => Array
                (
                    [id] => 6
                    [name] => Ведро строительное пластиковое
                    [description] => Изготовлено из ударопрочного пластика. Ручка металлическая. Внутри ведра нанесена разметка в литрах. Ведро предназначено для размешивания и переноски строительных и клеевых штукатурных растворов.
                    [image] => bucket.jpg
                    [price] => 160
                )

        )

)



### 30.06.2020 21:09:34
Array
(
    [layout] => main
    [catalog] => Array
        (
            [0] => Array
                (
                    [id] => 1
                    [name] => Мангал
                    [description] => Размер 400*240*400*0,4 мм. В комплекте 6 шампуров 34 см из нержавеющей стали. Упаковка - термоусадочная пленка. Толщина стали 0,4 мм.
                    [image] => mangal.jpg
                    [price] => 250
                )

            [1] => Array
                (
                    [id] => 2
                    [name] => Щепа д/копчения
                    [description] => Считается, что натуральная щепа для копчения не допускает никакой переработки, обработки, пропитки. Особым образом выбранный тип древесины, ее возраст, география произрастания, качество измельчения влияют на полученную в итоге щепу. Нашим клиентам предлагается щепа для копчения «FireWood», которая отлично подойдет для копчения мяса и рыбы. Наша щепа для копчения имеет свои достоинства: экономный расход, хороший режим тления, отсутствие пыли, небольшое время копчения, высокая степень сушки и т.д.
                    [image] => fire_wood.jpg
                    [price] => 120
                )

            [2] => Array
                (
                    [id] => 5
                    [name] => Гель Супер Момент
                    [description] => Идеально для склеивания в различном сочетании таких материалов, как: кожа, дерево, резина, бумага, картон, фарфор, металл, пластики.
                    [image] => glue.jpg
                    [price] => 50
                )

            [3] => Array
                (
                    [id] => 6
                    [name] => Ведро строительное пластиковое
                    [description] => Изготовлено из ударопрочного пластика. Ручка металлическая. Внутри ведра нанесена разметка в литрах. Ведро предназначено для размешивания и переноски строительных и клеевых штукатурных растворов.
                    [image] => bucket.jpg
                    [price] => 160
                )

        )

)



### 30.06.2020 21:10:12
Array
(
    [layout] => main
    [catalog] => Array
        (
            [0] => Array
                (
                    [id] => 1
                    [name] => Мангал
                    [description] => Размер 400*240*400*0,4 мм. В комплекте 6 шампуров 34 см из нержавеющей стали. Упаковка - термоусадочная пленка. Толщина стали 0,4 мм.
                    [image] => mangal.jpg
                    [price] => 250
                )

            [1] => Array
                (
                    [id] => 2
                    [name] => Щепа д/копчения
                    [description] => Считается, что натуральная щепа для копчения не допускает никакой переработки, обработки, пропитки. Особым образом выбранный тип древесины, ее возраст, география произрастания, качество измельчения влияют на полученную в итоге щепу. Нашим клиентам предлагается щепа для копчения «FireWood», которая отлично подойдет для копчения мяса и рыбы. Наша щепа для копчения имеет свои достоинства: экономный расход, хороший режим тления, отсутствие пыли, небольшое время копчения, высокая степень сушки и т.д.
                    [image] => fire_wood.jpg
                    [price] => 120
                )

            [2] => Array
                (
                    [id] => 5
                    [name] => Гель Супер Момент
                    [description] => Идеально для склеивания в различном сочетании таких материалов, как: кожа, дерево, резина, бумага, картон, фарфор, металл, пластики.
                    [image] => glue.jpg
                    [price] => 50
                )

            [3] => Array
                (
                    [id] => 6
                    [name] => Ведро строительное пластиковое
                    [description] => Изготовлено из ударопрочного пластика. Ручка металлическая. Внутри ведра нанесена разметка в литрах. Ведро предназначено для размешивания и переноски строительных и клеевых штукатурных растворов.
                    [image] => bucket.jpg
                    [price] => 160
                )

        )

)



### 30.06.2020 21:10:48
Array
(
    [layout] => main
    [catalog] => Array
        (
            [0] => Array
                (
                    [id] => 1
                    [name] => Мангал
                    [description] => Размер 400*240*400*0,4 мм. В комплекте 6 шампуров 34 см из нержавеющей стали. Упаковка - термоусадочная пленка. Толщина стали 0,4 мм.
                    [image] => mangal.jpg
                    [price] => 250
                )

            [1] => Array
                (
                    [id] => 2
                    [name] => Щепа д/копчения
                    [description] => Считается, что натуральная щепа для копчения не допускает никакой переработки, обработки, пропитки. Особым образом выбранный тип древесины, ее возраст, география произрастания, качество измельчения влияют на полученную в итоге щепу. Нашим клиентам предлагается щепа для копчения «FireWood», которая отлично подойдет для копчения мяса и рыбы. Наша щепа для копчения имеет свои достоинства: экономный расход, хороший режим тления, отсутствие пыли, небольшое время копчения, высокая степень сушки и т.д.
                    [image] => fire_wood.jpg
                    [price] => 120
                )

            [2] => Array
                (
                    [id] => 5
                    [name] => Гель Супер Момент
                    [description] => Идеально для склеивания в различном сочетании таких материалов, как: кожа, дерево, резина, бумага, картон, фарфор, металл, пластики.
                    [image] => glue.jpg
                    [price] => 50
                )

            [3] => Array
                (
                    [id] => 6
                    [name] => Ведро строительное пластиковое
                    [description] => Изготовлено из ударопрочного пластика. Ручка металлическая. Внутри ведра нанесена разметка в литрах. Ведро предназначено для размешивания и переноски строительных и клеевых штукатурных растворов.
                    [image] => bucket.jpg
                    [price] => 160
                )

        )

)



### 30.06.2020 21:12:50
Array
(
    [layout] => main
    [catalog] => Array
        (
            [0] => Array
                (
                    [id] => 1
                    [name] => Мангал
                    [description] => Размер 400*240*400*0,4 мм. В комплекте 6 шампуров 34 см из нержавеющей стали. Упаковка - термоусадочная пленка. Толщина стали 0,4 мм.
                    [image] => mangal.jpg
                    [price] => 250
                )

            [1] => Array
                (
                    [id] => 2
                    [name] => Щепа д/копчения
                    [description] => Считается, что натуральная щепа для копчения не допускает никакой переработки, обработки, пропитки. Особым образом выбранный тип древесины, ее возраст, география произрастания, качество измельчения влияют на полученную в итоге щепу. Нашим клиентам предлагается щепа для копчения «FireWood», которая отлично подойдет для копчения мяса и рыбы. Наша щепа для копчения имеет свои достоинства: экономный расход, хороший режим тления, отсутствие пыли, небольшое время копчения, высокая степень сушки и т.д.
                    [image] => fire_wood.jpg
                    [price] => 120
                )

            [2] => Array
                (
                    [id] => 5
                    [name] => Гель Супер Момент
                    [description] => Идеально для склеивания в различном сочетании таких материалов, как: кожа, дерево, резина, бумага, картон, фарфор, металл, пластики.
                    [image] => glue.jpg
                    [price] => 50
                )

            [3] => Array
                (
                    [id] => 6
                    [name] => Ведро строительное пластиковое
                    [description] => Изготовлено из ударопрочного пластика. Ручка металлическая. Внутри ведра нанесена разметка в литрах. Ведро предназначено для размешивания и переноски строительных и клеевых штукатурных растворов.
                    [image] => bucket.jpg
                    [price] => 160
                )

        )

)



### 30.06.2020 21:21:04
Array
(
    [layout] => main
    [catalog] => Array
        (
            [0] => Array
                (
                    [id] => 1
                    [name] => Мангал
                    [description] => Размер 400*240*400*0,4 мм. В комплекте 6 шампуров 34 см из нержавеющей стали. Упаковка - термоусадочная пленка. Толщина стали 0,4 мм.
                    [image] => mangal.jpg
                    [price] => 250
                )

            [1] => Array
                (
                    [id] => 2
                    [name] => Щепа д/копчения
                    [description] => Считается, что натуральная щепа для копчения не допускает никакой переработки, обработки, пропитки. Особым образом выбранный тип древесины, ее возраст, география произрастания, качество измельчения влияют на полученную в итоге щепу. Нашим клиентам предлагается щепа для копчения «FireWood», которая отлично подойдет для копчения мяса и рыбы. Наша щепа для копчения имеет свои достоинства: экономный расход, хороший режим тления, отсутствие пыли, небольшое время копчения, высокая степень сушки и т.д.
                    [image] => fire_wood.jpg
                    [price] => 120
                )

            [2] => Array
                (
                    [id] => 5
                    [name] => Гель Супер Момент
                    [description] => Идеально для склеивания в различном сочетании таких материалов, как: кожа, дерево, резина, бумага, картон, фарфор, металл, пластики.
                    [image] => glue.jpg
                    [price] => 50
                )

            [3] => Array
                (
                    [id] => 6
                    [name] => Ведро строительное пластиковое
                    [description] => Изготовлено из ударопрочного пластика. Ручка металлическая. Внутри ведра нанесена разметка в литрах. Ведро предназначено для размешивания и переноски строительных и клеевых штукатурных растворов.
                    [image] => bucket.jpg
                    [price] => 160
                )

        )

)



### 30.06.2020 21:21:49
Array
(
    [layout] => main
    [catalog] => Array
        (
            [0] => Array
                (
                    [id] => 1
                    [name] => Мангал
                    [description] => Размер 400*240*400*0,4 мм. В комплекте 6 шампуров 34 см из нержавеющей стали. Упаковка - термоусадочная пленка. Толщина стали 0,4 мм.
                    [image] => mangal.jpg
                    [price] => 250
                )

            [1] => Array
                (
                    [id] => 2
                    [name] => Щепа д/копчения
                    [description] => Считается, что натуральная щепа для копчения не допускает никакой переработки, обработки, пропитки. Особым образом выбранный тип древесины, ее возраст, география произрастания, качество измельчения влияют на полученную в итоге щепу. Нашим клиентам предлагается щепа для копчения «FireWood», которая отлично подойдет для копчения мяса и рыбы. Наша щепа для копчения имеет свои достоинства: экономный расход, хороший режим тления, отсутствие пыли, небольшое время копчения, высокая степень сушки и т.д.
                    [image] => fire_wood.jpg
                    [price] => 120
                )

            [2] => Array
                (
                    [id] => 5
                    [name] => Гель Супер Момент
                    [description] => Идеально для склеивания в различном сочетании таких материалов, как: кожа, дерево, резина, бумага, картон, фарфор, металл, пластики.
                    [image] => glue.jpg
                    [price] => 50
                )

            [3] => Array
                (
                    [id] => 6
                    [name] => Ведро строительное пластиковое
                    [description] => Изготовлено из ударопрочного пластика. Ручка металлическая. Внутри ведра нанесена разметка в литрах. Ведро предназначено для размешивания и переноски строительных и клеевых штукатурных растворов.
                    [image] => bucket.jpg
                    [price] => 160
                )

        )

)



### 30.06.2020 21:24:04
Array
(
    [layout] => main
    [catalog] => Array
        (
            [0] => Array
                (
                    [id] => 1
                    [name] => Мангал
                    [description] => Размер 400*240*400*0,4 мм. В комплекте 6 шампуров 34 см из нержавеющей стали. Упаковка - термоусадочная пленка. Толщина стали 0,4 мм.
                    [image] => mangal.jpg
                    [price] => 250
                )

            [1] => Array
                (
                    [id] => 2
                    [name] => Щепа д/копчения
                    [description] => Считается, что натуральная щепа для копчения не допускает никакой переработки, обработки, пропитки. Особым образом выбранный тип древесины, ее возраст, география произрастания, качество измельчения влияют на полученную в итоге щепу. Нашим клиентам предлагается щепа для копчения «FireWood», которая отлично подойдет для копчения мяса и рыбы. Наша щепа для копчения имеет свои достоинства: экономный расход, хороший режим тления, отсутствие пыли, небольшое время копчения, высокая степень сушки и т.д.
                    [image] => fire_wood.jpg
                    [price] => 120
                )

            [2] => Array
                (
                    [id] => 5
                    [name] => Гель Супер Момент
                    [description] => Идеально для склеивания в различном сочетании таких материалов, как: кожа, дерево, резина, бумага, картон, фарфор, металл, пластики.
                    [image] => glue.jpg
                    [price] => 50
                )

            [3] => Array
                (
                    [id] => 6
                    [name] => Ведро строительное пластиковое
                    [description] => Изготовлено из ударопрочного пластика. Ручка металлическая. Внутри ведра нанесена разметка в литрах. Ведро предназначено для размешивания и переноски строительных и клеевых штукатурных растворов.
                    [image] => bucket.jpg
                    [price] => 160
                )

        )

)



### 30.06.2020 21:29:15
Array
(
    [layout] => main
    [catalog] => Array
        (
            [0] => Array
                (
                    [id] => 1
                    [name] => Мангал
                    [description] => Размер 400*240*400*0,4 мм. В комплекте 6 шампуров 34 см из нержавеющей стали. Упаковка - термоусадочная пленка. Толщина стали 0,4 мм.
                    [image] => mangal.jpg
                    [price] => 250
                )

            [1] => Array
                (
                    [id] => 2
                    [name] => Щепа д/копчения
                    [description] => Считается, что натуральная щепа для копчения не допускает никакой переработки, обработки, пропитки. Особым образом выбранный тип древесины, ее возраст, география произрастания, качество измельчения влияют на полученную в итоге щепу. Нашим клиентам предлагается щепа для копчения «FireWood», которая отлично подойдет для копчения мяса и рыбы. Наша щепа для копчения имеет свои достоинства: экономный расход, хороший режим тления, отсутствие пыли, небольшое время копчения, высокая степень сушки и т.д.
                    [image] => fire_wood.jpg
                    [price] => 120
                )

            [2] => Array
                (
                    [id] => 5
                    [name] => Гель Супер Момент
                    [description] => Идеально для склеивания в различном сочетании таких материалов, как: кожа, дерево, резина, бумага, картон, фарфор, металл, пластики.
                    [image] => glue.jpg
                    [price] => 50
                )

            [3] => Array
                (
                    [id] => 6
                    [name] => Ведро строительное пластиковое
                    [description] => Изготовлено из ударопрочного пластика. Ручка металлическая. Внутри ведра нанесена разметка в литрах. Ведро предназначено для размешивания и переноски строительных и клеевых штукатурных растворов.
                    [image] => bucket.jpg
                    [price] => 160
                )

        )

)



### 30.06.2020 21:29:22
Array
(
    [layout] => main
    [catalog] => Array
        (
            [0] => Array
                (
                    [id] => 1
                    [name] => Мангал
                    [description] => Размер 400*240*400*0,4 мм. В комплекте 6 шампуров 34 см из нержавеющей стали. Упаковка - термоусадочная пленка. Толщина стали 0,4 мм.
                    [image] => mangal.jpg
                    [price] => 250
                )

            [1] => Array
                (
                    [id] => 2
                    [name] => Щепа д/копчения
                    [description] => Считается, что натуральная щепа для копчения не допускает никакой переработки, обработки, пропитки. Особым образом выбранный тип древесины, ее возраст, география произрастания, качество измельчения влияют на полученную в итоге щепу. Нашим клиентам предлагается щепа для копчения «FireWood», которая отлично подойдет для копчения мяса и рыбы. Наша щепа для копчения имеет свои достоинства: экономный расход, хороший режим тления, отсутствие пыли, небольшое время копчения, высокая степень сушки и т.д.
                    [image] => fire_wood.jpg
                    [price] => 120
                )

            [2] => Array
                (
                    [id] => 5
                    [name] => Гель Супер Момент
                    [description] => Идеально для склеивания в различном сочетании таких материалов, как: кожа, дерево, резина, бумага, картон, фарфор, металл, пластики.
                    [image] => glue.jpg
                    [price] => 50
                )

            [3] => Array
                (
                    [id] => 6
                    [name] => Ведро строительное пластиковое
                    [description] => Изготовлено из ударопрочного пластика. Ручка металлическая. Внутри ведра нанесена разметка в литрах. Ведро предназначено для размешивания и переноски строительных и клеевых штукатурных растворов.
                    [image] => bucket.jpg
                    [price] => 160
                )

        )

)



### 30.06.2020 21:30:15
Array
(
    [layout] => main
    [catalog] => Array
        (
            [0] => Array
                (
                    [id] => 1
                    [name] => Мангал
                    [description] => Размер 400*240*400*0,4 мм. В комплекте 6 шампуров 34 см из нержавеющей стали. Упаковка - термоусадочная пленка. Толщина стали 0,4 мм.
                    [image] => mangal.jpg
                    [price] => 250
                )

            [1] => Array
                (
                    [id] => 2
                    [name] => Щепа д/копчения
                    [description] => Считается, что натуральная щепа для копчения не допускает никакой переработки, обработки, пропитки. Особым образом выбранный тип древесины, ее возраст, география произрастания, качество измельчения влияют на полученную в итоге щепу. Нашим клиентам предлагается щепа для копчения «FireWood», которая отлично подойдет для копчения мяса и рыбы. Наша щепа для копчения имеет свои достоинства: экономный расход, хороший режим тления, отсутствие пыли, небольшое время копчения, высокая степень сушки и т.д.
                    [image] => fire_wood.jpg
                    [price] => 120
                )

            [2] => Array
                (
                    [id] => 5
                    [name] => Гель Супер Момент
                    [description] => Идеально для склеивания в различном сочетании таких материалов, как: кожа, дерево, резина, бумага, картон, фарфор, металл, пластики.
                    [image] => glue.jpg
                    [price] => 50
                )

            [3] => Array
                (
                    [id] => 6
                    [name] => Ведро строительное пластиковое
                    [description] => Изготовлено из ударопрочного пластика. Ручка металлическая. Внутри ведра нанесена разметка в литрах. Ведро предназначено для размешивания и переноски строительных и клеевых штукатурных растворов.
                    [image] => bucket.jpg
                    [price] => 160
                )

        )

)



### 30.06.2020 21:30:39
Array
(
    [layout] => main
    [catalog] => Array
        (
            [0] => Array
                (
                    [id] => 1
                    [name] => Мангал
                    [description] => Размер 400*240*400*0,4 мм. В комплекте 6 шампуров 34 см из нержавеющей стали. Упаковка - термоусадочная пленка. Толщина стали 0,4 мм.
                    [image] => mangal.jpg
                    [price] => 250
                )

            [1] => Array
                (
                    [id] => 2
                    [name] => Щепа д/копчения
                    [description] => Считается, что натуральная щепа для копчения не допускает никакой переработки, обработки, пропитки. Особым образом выбранный тип древесины, ее возраст, география произрастания, качество измельчения влияют на полученную в итоге щепу. Нашим клиентам предлагается щепа для копчения «FireWood», которая отлично подойдет для копчения мяса и рыбы. Наша щепа для копчения имеет свои достоинства: экономный расход, хороший режим тления, отсутствие пыли, небольшое время копчения, высокая степень сушки и т.д.
                    [image] => fire_wood.jpg
                    [price] => 120
                )

            [2] => Array
                (
                    [id] => 5
                    [name] => Гель Супер Момент
                    [description] => Идеально для склеивания в различном сочетании таких материалов, как: кожа, дерево, резина, бумага, картон, фарфор, металл, пластики.
                    [image] => glue.jpg
                    [price] => 50
                )

            [3] => Array
                (
                    [id] => 6
                    [name] => Ведро строительное пластиковое
                    [description] => Изготовлено из ударопрочного пластика. Ручка металлическая. Внутри ведра нанесена разметка в литрах. Ведро предназначено для размешивания и переноски строительных и клеевых штукатурных растворов.
                    [image] => bucket.jpg
                    [price] => 160
                )

        )

)



### 30.06.2020 21:33:06
Array
(
    [layout] => main
    [catalog] => Array
        (
            [0] => Array
                (
                    [id] => 1
                    [name] => Мангал
                    [description] => Размер 400*240*400*0,4 мм. В комплекте 6 шампуров 34 см из нержавеющей стали. Упаковка - термоусадочная пленка. Толщина стали 0,4 мм.
                    [image] => mangal.jpg
                    [price] => 250
                )

            [1] => Array
                (
                    [id] => 2
                    [name] => Щепа д/копчения
                    [description] => Считается, что натуральная щепа для копчения не допускает никакой переработки, обработки, пропитки. Особым образом выбранный тип древесины, ее возраст, география произрастания, качество измельчения влияют на полученную в итоге щепу. Нашим клиентам предлагается щепа для копчения «FireWood», которая отлично подойдет для копчения мяса и рыбы. Наша щепа для копчения имеет свои достоинства: экономный расход, хороший режим тления, отсутствие пыли, небольшое время копчения, высокая степень сушки и т.д.
                    [image] => fire_wood.jpg
                    [price] => 120
                )

            [2] => Array
                (
                    [id] => 5
                    [name] => Гель Супер Момент
                    [description] => Идеально для склеивания в различном сочетании таких материалов, как: кожа, дерево, резина, бумага, картон, фарфор, металл, пластики.
                    [image] => glue.jpg
                    [price] => 50
                )

            [3] => Array
                (
                    [id] => 6
                    [name] => Ведро строительное пластиковое
                    [description] => Изготовлено из ударопрочного пластика. Ручка металлическая. Внутри ведра нанесена разметка в литрах. Ведро предназначено для размешивания и переноски строительных и клеевых штукатурных растворов.
                    [image] => bucket.jpg
                    [price] => 160
                )

        )

)



### 30.06.2020 21:36:03
Array
(
    [layout] => main
    [catalog] => Array
        (
            [0] => Array
                (
                    [id] => 1
                    [name] => Мангал
                    [description] => Размер 400*240*400*0,4 мм. В комплекте 6 шампуров 34 см из нержавеющей стали. Упаковка - термоусадочная пленка. Толщина стали 0,4 мм.
                    [image] => mangal.jpg
                    [price] => 250
                )

            [1] => Array
                (
                    [id] => 2
                    [name] => Щепа д/копчения
                    [description] => Считается, что натуральная щепа для копчения не допускает никакой переработки, обработки, пропитки. Особым образом выбранный тип древесины, ее возраст, география произрастания, качество измельчения влияют на полученную в итоге щепу. Нашим клиентам предлагается щепа для копчения «FireWood», которая отлично подойдет для копчения мяса и рыбы. Наша щепа для копчения имеет свои достоинства: экономный расход, хороший режим тления, отсутствие пыли, небольшое время копчения, высокая степень сушки и т.д.
                    [image] => fire_wood.jpg
                    [price] => 120
                )

            [2] => Array
                (
                    [id] => 5
                    [name] => Гель Супер Момент
                    [description] => Идеально для склеивания в различном сочетании таких материалов, как: кожа, дерево, резина, бумага, картон, фарфор, металл, пластики.
                    [image] => glue.jpg
                    [price] => 50
                )

            [3] => Array
                (
                    [id] => 6
                    [name] => Ведро строительное пластиковое
                    [description] => Изготовлено из ударопрочного пластика. Ручка металлическая. Внутри ведра нанесена разметка в литрах. Ведро предназначено для размешивания и переноски строительных и клеевых штукатурных растворов.
                    [image] => bucket.jpg
                    [price] => 160
                )

        )

)



### 01.07.2020 11:39:17
Array
(
    [layout] => main
    [catalog] => Array
        (
            [0] => Array
                (
                    [id] => 1
                    [name] => Мангал
                    [description] => Размер 400*240*400*0,4 мм. В комплекте 6 шампуров 34 см из нержавеющей стали. Упаковка - термоусадочная пленка. Толщина стали 0,4 мм.
                    [image] => mangal.jpg
                    [price] => 250
                )

            [1] => Array
                (
                    [id] => 2
                    [name] => Щепа д/копчения
                    [description] => Считается, что натуральная щепа для копчения не допускает никакой переработки, обработки, пропитки. Особым образом выбранный тип древесины, ее возраст, география произрастания, качество измельчения влияют на полученную в итоге щепу. Нашим клиентам предлагается щепа для копчения «FireWood», которая отлично подойдет для копчения мяса и рыбы. Наша щепа для копчения имеет свои достоинства: экономный расход, хороший режим тления, отсутствие пыли, небольшое время копчения, высокая степень сушки и т.д.
                    [image] => fire_wood.jpg
                    [price] => 120
                )

            [2] => Array
                (
                    [id] => 5
                    [name] => Гель Супер Момент
                    [description] => Идеально для склеивания в различном сочетании таких материалов, как: кожа, дерево, резина, бумага, картон, фарфор, металл, пластики.
                    [image] => glue.jpg
                    [price] => 50
                )

            [3] => Array
                (
                    [id] => 6
                    [name] => Ведро строительное пластиковое
                    [description] => Изготовлено из ударопрочного пластика. Ручка металлическая. Внутри ведра нанесена разметка в литрах. Ведро предназначено для размешивания и переноски строительных и клеевых штукатурных растворов.
                    [image] => bucket.jpg
                    [price] => 160
                )

        )

)



### 01.07.2020 13:51:27
Array
(
    [layout] => main
    [catalog] => Array
        (
            [0] => Array
                (
                    [id] => 1
                    [name] => Мангал
                    [description] => Размер 400*240*400*0,4 мм. В комплекте 6 шампуров 34 см из нержавеющей стали. Упаковка - термоусадочная пленка. Толщина стали 0,4 мм.
                    [image] => mangal.jpg
                    [price] => 250
                )

            [1] => Array
                (
                    [id] => 2
                    [name] => Щепа д/копчения
                    [description] => Считается, что натуральная щепа для копчения не допускает никакой переработки, обработки, пропитки. Особым образом выбранный тип древесины, ее возраст, география произрастания, качество измельчения влияют на полученную в итоге щепу. Нашим клиентам предлагается щепа для копчения «FireWood», которая отлично подойдет для копчения мяса и рыбы. Наша щепа для копчения имеет свои достоинства: экономный расход, хороший режим тления, отсутствие пыли, небольшое время копчения, высокая степень сушки и т.д.
                    [image] => fire_wood.jpg
                    [price] => 120
                )

            [2] => Array
                (
                    [id] => 5
                    [name] => Гель Супер Момент
                    [description] => Идеально для склеивания в различном сочетании таких материалов, как: кожа, дерево, резина, бумага, картон, фарфор, металл, пластики.
                    [image] => glue.jpg
                    [price] => 50
                )

            [3] => Array
                (
                    [id] => 6
                    [name] => Ведро строительное пластиковое
                    [description] => Изготовлено из ударопрочного пластика. Ручка металлическая. Внутри ведра нанесена разметка в литрах. Ведро предназначено для размешивания и переноски строительных и клеевых штукатурных растворов.
                    [image] => bucket.jpg
                    [price] => 160
                )

        )

)



### 01.07.2020 14:18:50
Array
(
    [layout] => main
    [catalog] => Array
        (
            [0] => Array
                (
                    [id] => 1
                    [name] => Мангал
                    [description] => Размер 400*240*400*0,4 мм. В комплекте 6 шампуров 34 см из нержавеющей стали. Упаковка - термоусадочная пленка. Толщина стали 0,4 мм.
                    [image] => mangal.jpg
                    [price] => 250
                )

            [1] => Array
                (
                    [id] => 2
                    [name] => Щепа д/копчения
                    [description] => Считается, что натуральная щепа для копчения не допускает никакой переработки, обработки, пропитки. Особым образом выбранный тип древесины, ее возраст, география произрастания, качество измельчения влияют на полученную в итоге щепу. Нашим клиентам предлагается щепа для копчения «FireWood», которая отлично подойдет для копчения мяса и рыбы. Наша щепа для копчения имеет свои достоинства: экономный расход, хороший режим тления, отсутствие пыли, небольшое время копчения, высокая степень сушки и т.д.
                    [image] => fire_wood.jpg
                    [price] => 120
                )

            [2] => Array
                (
                    [id] => 5
                    [name] => Гель Супер Момент
                    [description] => Идеально для склеивания в различном сочетании таких материалов, как: кожа, дерево, резина, бумага, картон, фарфор, металл, пластики.
                    [image] => glue.jpg
                    [price] => 50
                )

            [3] => Array
                (
                    [id] => 6
                    [name] => Ведро строительное пластиковое
                    [description] => Изготовлено из ударопрочного пластика. Ручка металлическая. Внутри ведра нанесена разметка в литрах. Ведро предназначено для размешивания и переноски строительных и клеевых штукатурных растворов.
                    [image] => bucket.jpg
                    [price] => 160
                )

        )

)



### 01.07.2020 14:20:40
Array
(
    [layout] => main
    [catalog] => Array
        (
            [0] => Array
                (
                    [id] => 1
                    [name] => Мангал
                    [description] => Размер 400*240*400*0,4 мм. В комплекте 6 шампуров 34 см из нержавеющей стали. Упаковка - термоусадочная пленка. Толщина стали 0,4 мм.
                    [image] => mangal.jpg
                    [price] => 250
                )

            [1] => Array
                (
                    [id] => 2
                    [name] => Щепа д/копчения
                    [description] => Считается, что натуральная щепа для копчения не допускает никакой переработки, обработки, пропитки. Особым образом выбранный тип древесины, ее возраст, география произрастания, качество измельчения влияют на полученную в итоге щепу. Нашим клиентам предлагается щепа для копчения «FireWood», которая отлично подойдет для копчения мяса и рыбы. Наша щепа для копчения имеет свои достоинства: экономный расход, хороший режим тления, отсутствие пыли, небольшое время копчения, высокая степень сушки и т.д.
                    [image] => fire_wood.jpg
                    [price] => 120
                )

            [2] => Array
                (
                    [id] => 5
                    [name] => Гель Супер Момент
                    [description] => Идеально для склеивания в различном сочетании таких материалов, как: кожа, дерево, резина, бумага, картон, фарфор, металл, пластики.
                    [image] => glue.jpg
                    [price] => 50
                )

            [3] => Array
                (
                    [id] => 6
                    [name] => Ведро строительное пластиковое
                    [description] => Изготовлено из ударопрочного пластика. Ручка металлическая. Внутри ведра нанесена разметка в литрах. Ведро предназначено для размешивания и переноски строительных и клеевых штукатурных растворов.
                    [image] => bucket.jpg
                    [price] => 160
                )

        )

)



### 01.07.2020 14:29:59
Array
(
    [layout] => main
    [catalog] => Array
        (
            [0] => Array
                (
                    [id] => 1
                    [name] => Мангал
                    [description] => Размер 400*240*400*0,4 мм. В комплекте 6 шампуров 34 см из нержавеющей стали. Упаковка - термоусадочная пленка. Толщина стали 0,4 мм.
                    [image] => mangal.jpg
                    [price] => 250
                )

            [1] => Array
                (
                    [id] => 2
                    [name] => Щепа д/копчения
                    [description] => Считается, что натуральная щепа для копчения не допускает никакой переработки, обработки, пропитки. Особым образом выбранный тип древесины, ее возраст, география произрастания, качество измельчения влияют на полученную в итоге щепу. Нашим клиентам предлагается щепа для копчения «FireWood», которая отлично подойдет для копчения мяса и рыбы. Наша щепа для копчения имеет свои достоинства: экономный расход, хороший режим тления, отсутствие пыли, небольшое время копчения, высокая степень сушки и т.д.
                    [image] => fire_wood.jpg
                    [price] => 120
                )

            [2] => Array
                (
                    [id] => 5
                    [name] => Гель Супер Момент
                    [description] => Идеально для склеивания в различном сочетании таких материалов, как: кожа, дерево, резина, бумага, картон, фарфор, металл, пластики.
                    [image] => glue.jpg
                    [price] => 50
                )

            [3] => Array
                (
                    [id] => 6
                    [name] => Ведро строительное пластиковое
                    [description] => Изготовлено из ударопрочного пластика. Ручка металлическая. Внутри ведра нанесена разметка в литрах. Ведро предназначено для размешивания и переноски строительных и клеевых штукатурных растворов.
                    [image] => bucket.jpg
                    [price] => 160
                )

        )

)



