### 17.06.2020 21:35:00
Array
(
    [catalog] => Array
        (
            [0] => Чай
            [1] => Печенье
            [2] => Вафли
        )

)



### 17.06.2020 21:37:24
Array
(
    [catalog] => Array
        (
            [0] => Чай
            [1] => Печенье
            [2] => Вафли
        )

)



### 17.06.2020 21:37:30
Array
(
    [catalog] => Array
        (
            [0] => Чай
            [1] => Печенье
            [2] => Вафли
        )

)



### 17.06.2020 21:38:24
Array
(
    [catalog] => Array
        (
            [0] => Чай
            [1] => Печенье
            [2] => Вафли
        )

)



### 24.06.2020 06:44:38
Array
(
    [catalog] => Array
        (
            [0] => Чай
            [1] => Печенье
            [2] => Вафли
        )

)



### 24.06.2020 06:44:39
Array
(
    [catalog] => Array
        (
            [0] => Чай
            [1] => Печенье
            [2] => Вафли
        )

)



### 24.06.2020 06:44:39
Array
(
    [catalog] => Array
        (
            [0] => Чай
            [1] => Печенье
            [2] => Вафли
        )

)



### 24.06.2020 06:44:43
Array
(
    [catalog] => Array
        (
            [0] => Чай
            [1] => Печенье
            [2] => Вафли
        )

)



### 24.06.2020 06:44:43
Array
(
    [catalog] => Array
        (
            [0] => Чай
            [1] => Печенье
            [2] => Вафли
        )

)



### 24.06.2020 06:44:44
Array
(
    [catalog] => Array
        (
            [0] => Чай
            [1] => Печенье
            [2] => Вафли
        )

)



### 24.06.2020 06:44:44
Array
(
    [catalog] => Array
        (
            [0] => Чай
            [1] => Печенье
            [2] => Вафли
        )

)



### 24.06.2020 06:44:45
Array
(
    [catalog] => Array
        (
            [0] => Чай
            [1] => Печенье
            [2] => Вафли
        )

)



### 24.06.2020 06:44:45
Array
(
    [catalog] => Array
        (
            [0] => Чай
            [1] => Печенье
            [2] => Вафли
        )

)



### 24.06.2020 06:44:45
Array
(
    [catalog] => Array
        (
            [0] => Чай
            [1] => Печенье
            [2] => Вафли
        )

)



### 24.06.2020 06:44:46
Array
(
    [catalog] => Array
        (
            [0] => Чай
            [1] => Печенье
            [2] => Вафли
        )

)



### 24.06.2020 06:44:46
Array
(
    [catalog] => Array
        (
            [0] => Чай
            [1] => Печенье
            [2] => Вафли
        )

)



### 24.06.2020 06:44:47
Array
(
    [catalog] => Array
        (
            [0] => Чай
            [1] => Печенье
            [2] => Вафли
        )

)



### 24.06.2020 06:44:47
Array
(
    [catalog] => Array
        (
            [0] => Чай
            [1] => Печенье
            [2] => Вафли
        )

)



### 24.06.2020 06:44:47
Array
(
    [catalog] => Array
        (
            [0] => Чай
            [1] => Печенье
            [2] => Вафли
        )

)



### 24.06.2020 06:44:48
Array
(
    [catalog] => Array
        (
            [0] => Чай
            [1] => Печенье
            [2] => Вафли
        )

)



### 24.06.2020 06:44:48
Array
(
    [catalog] => Array
        (
            [0] => Чай
            [1] => Печенье
            [2] => Вафли
        )

)



### 24.06.2020 06:44:49
Array
(
    [catalog] => Array
        (
            [0] => Чай
            [1] => Печенье
            [2] => Вафли
        )

)



### 24.06.2020 06:44:49
Array
(
    [catalog] => Array
        (
            [0] => Чай
            [1] => Печенье
            [2] => Вафли
        )

)



### 24.06.2020 06:44:50
Array
(
    [catalog] => Array
        (
            [0] => Чай
            [1] => Печенье
            [2] => Вафли
        )

)



### 24.06.2020 06:44:50
Array
(
    [catalog] => Array
        (
            [0] => Чай
            [1] => Печенье
            [2] => Вафли
        )

)



### 24.06.2020 06:44:50
Array
(
    [catalog] => Array
        (
            [0] => Чай
            [1] => Печенье
            [2] => Вафли
        )

)



### 24.06.2020 06:44:51
Array
(
    [catalog] => Array
        (
            [0] => Чай
            [1] => Печенье
            [2] => Вафли
        )

)



### 24.06.2020 06:44:51
Array
(
    [catalog] => Array
        (
            [0] => Чай
            [1] => Печенье
            [2] => Вафли
        )

)



### 24.06.2020 06:44:52
Array
(
    [catalog] => Array
        (
            [0] => Чай
            [1] => Печенье
            [2] => Вафли
        )

)



### 24.06.2020 06:44:52
Array
(
    [catalog] => Array
        (
            [0] => Чай
            [1] => Печенье
            [2] => Вафли
        )

)



### 24.06.2020 06:44:53
Array
(
    [catalog] => Array
        (
            [0] => Чай
            [1] => Печенье
            [2] => Вафли
        )

)



### 24.06.2020 06:44:53
Array
(
    [catalog] => Array
        (
            [0] => Чай
            [1] => Печенье
            [2] => Вафли
        )

)



### 24.06.2020 06:44:54
Array
(
    [catalog] => Array
        (
            [0] => Чай
            [1] => Печенье
            [2] => Вафли
        )

)



### 24.06.2020 06:44:54
Array
(
    [catalog] => Array
        (
            [0] => Чай
            [1] => Печенье
            [2] => Вафли
        )

)



### 24.06.2020 06:44:55
Array
(
    [catalog] => Array
        (
            [0] => Чай
            [1] => Печенье
            [2] => Вафли
        )

)



### 24.06.2020 06:44:55
Array
(
    [catalog] => Array
        (
            [0] => Чай
            [1] => Печенье
            [2] => Вафли
        )

)



### 24.06.2020 06:44:55
Array
(
    [catalog] => Array
        (
            [0] => Чай
            [1] => Печенье
            [2] => Вафли
        )

)



### 24.06.2020 06:44:56
Array
(
    [catalog] => Array
        (
            [0] => Чай
            [1] => Печенье
            [2] => Вафли
        )

)



### 24.06.2020 06:44:56
Array
(
    [catalog] => Array
        (
            [0] => Чай
            [1] => Печенье
            [2] => Вафли
        )

)



### 24.06.2020 06:44:57
Array
(
    [catalog] => Array
        (
            [0] => Чай
            [1] => Печенье
            [2] => Вафли
        )

)



### 24.06.2020 06:44:57
Array
(
    [catalog] => Array
        (
            [0] => Чай
            [1] => Печенье
            [2] => Вафли
        )

)



### 24.06.2020 06:44:58
Array
(
    [catalog] => Array
        (
            [0] => Чай
            [1] => Печенье
            [2] => Вафли
        )

)



### 24.06.2020 06:44:58
Array
(
    [catalog] => Array
        (
            [0] => Чай
            [1] => Печенье
            [2] => Вафли
        )

)



### 24.06.2020 06:44:58
Array
(
    [catalog] => Array
        (
            [0] => Чай
            [1] => Печенье
            [2] => Вафли
        )

)



### 24.06.2020 06:44:59
Array
(
    [catalog] => Array
        (
            [0] => Чай
            [1] => Печенье
            [2] => Вафли
        )

)



### 24.06.2020 06:44:59
Array
(
    [catalog] => Array
        (
            [0] => Чай
            [1] => Печенье
            [2] => Вафли
        )

)



### 24.06.2020 06:45:00
Array
(
    [catalog] => Array
        (
            [0] => Чай
            [1] => Печенье
            [2] => Вафли
        )

)



### 24.06.2020 06:45:00
Array
(
    [catalog] => Array
        (
            [0] => Чай
            [1] => Печенье
            [2] => Вафли
        )

)



### 24.06.2020 06:45:01
Array
(
    [catalog] => Array
        (
            [0] => Чай
            [1] => Печенье
            [2] => Вафли
        )

)



### 24.06.2020 06:45:01
Array
(
    [catalog] => Array
        (
            [0] => Чай
            [1] => Печенье
            [2] => Вафли
        )

)



### 24.06.2020 06:45:01
Array
(
    [catalog] => Array
        (
            [0] => Чай
            [1] => Печенье
            [2] => Вафли
        )

)



### 24.06.2020 06:45:02
Array
(
    [catalog] => Array
        (
            [0] => Чай
            [1] => Печенье
            [2] => Вафли
        )

)



### 24.06.2020 06:45:02
Array
(
    [catalog] => Array
        (
            [0] => Чай
            [1] => Печенье
            [2] => Вафли
        )

)



### 24.06.2020 06:45:03
Array
(
    [catalog] => Array
        (
            [0] => Чай
            [1] => Печенье
            [2] => Вафли
        )

)



### 24.06.2020 06:45:08
Array
(
    [catalog] => Array
        (
            [0] => Чай
            [1] => Печенье
            [2] => Вафли
        )

)



### 24.06.2020 06:45:09
Array
(
    [catalog] => Array
        (
            [0] => Чай
            [1] => Печенье
            [2] => Вафли
        )

)



### 24.06.2020 06:45:09
Array
(
    [catalog] => Array
        (
            [0] => Чай
            [1] => Печенье
            [2] => Вафли
        )

)



### 24.06.2020 06:45:10
Array
(
    [catalog] => Array
        (
            [0] => Чай
            [1] => Печенье
            [2] => Вафли
        )

)



### 24.06.2020 06:45:10
Array
(
    [catalog] => Array
        (
            [0] => Чай
            [1] => Печенье
            [2] => Вафли
        )

)



### 24.06.2020 06:45:10
Array
(
    [catalog] => Array
        (
            [0] => Чай
            [1] => Печенье
            [2] => Вафли
        )

)



### 24.06.2020 06:45:11
Array
(
    [catalog] => Array
        (
            [0] => Чай
            [1] => Печенье
            [2] => Вафли
        )

)



### 24.06.2020 06:45:11
Array
(
    [catalog] => Array
        (
            [0] => Чай
            [1] => Печенье
            [2] => Вафли
        )

)



### 24.06.2020 06:45:12
Array
(
    [catalog] => Array
        (
            [0] => Чай
            [1] => Печенье
            [2] => Вафли
        )

)



### 24.06.2020 06:45:12
Array
(
    [catalog] => Array
        (
            [0] => Чай
            [1] => Печенье
            [2] => Вафли
        )

)



### 24.06.2020 06:45:13
Array
(
    [catalog] => Array
        (
            [0] => Чай
            [1] => Печенье
            [2] => Вафли
        )

)



### 24.06.2020 06:45:13
Array
(
    [catalog] => Array
        (
            [0] => Чай
            [1] => Печенье
            [2] => Вафли
        )

)



### 24.06.2020 06:45:14
Array
(
    [catalog] => Array
        (
            [0] => Чай
            [1] => Печенье
            [2] => Вафли
        )

)



### 24.06.2020 06:45:14
Array
(
    [catalog] => Array
        (
            [0] => Чай
            [1] => Печенье
            [2] => Вафли
        )

)



### 24.06.2020 06:45:14
Array
(
    [catalog] => Array
        (
            [0] => Чай
            [1] => Печенье
            [2] => Вафли
        )

)



### 24.06.2020 06:45:15
Array
(
    [catalog] => Array
        (
            [0] => Чай
            [1] => Печенье
            [2] => Вафли
        )

)



### 24.06.2020 06:45:15
Array
(
    [catalog] => Array
        (
            [0] => Чай
            [1] => Печенье
            [2] => Вафли
        )

)



### 24.06.2020 06:45:16
Array
(
    [catalog] => Array
        (
            [0] => Чай
            [1] => Печенье
            [2] => Вафли
        )

)



### 24.06.2020 06:45:16
Array
(
    [catalog] => Array
        (
            [0] => Чай
            [1] => Печенье
            [2] => Вафли
        )

)



### 24.06.2020 06:45:17
Array
(
    [catalog] => Array
        (
            [0] => Чай
            [1] => Печенье
            [2] => Вафли
        )

)



### 24.06.2020 06:52:35
Array
(
    [catalog] => Array
        (
            [0] => Чай
            [1] => Печенье
            [2] => Вафли
        )

)



### 24.06.2020 06:52:35
Array
(
    [catalog] => Array
        (
            [0] => Чай
            [1] => Печенье
            [2] => Вафли
        )

)



### 24.06.2020 06:52:36
Array
(
    [catalog] => Array
        (
            [0] => Чай
            [1] => Печенье
            [2] => Вафли
        )

)



### 24.06.2020 06:52:36
Array
(
    [catalog] => Array
        (
            [0] => Чай
            [1] => Печенье
            [2] => Вафли
        )

)



### 24.06.2020 06:52:37
Array
(
    [catalog] => Array
        (
            [0] => Чай
            [1] => Печенье
            [2] => Вафли
        )

)



### 24.06.2020 06:52:37
Array
(
    [catalog] => Array
        (
            [0] => Чай
            [1] => Печенье
            [2] => Вафли
        )

)



### 24.06.2020 06:52:38
Array
(
    [catalog] => Array
        (
            [0] => Чай
            [1] => Печенье
            [2] => Вафли
        )

)



### 24.06.2020 06:52:38
Array
(
    [catalog] => Array
        (
            [0] => Чай
            [1] => Печенье
            [2] => Вафли
        )

)



### 24.06.2020 06:52:38
Array
(
    [catalog] => Array
        (
            [0] => Чай
            [1] => Печенье
            [2] => Вафли
        )

)



### 24.06.2020 06:52:39
Array
(
    [catalog] => Array
        (
            [0] => Чай
            [1] => Печенье
            [2] => Вафли
        )

)



### 24.06.2020 06:52:39
Array
(
    [catalog] => Array
        (
            [0] => Чай
            [1] => Печенье
            [2] => Вафли
        )

)



### 24.06.2020 06:52:40
Array
(
    [catalog] => Array
        (
            [0] => Чай
            [1] => Печенье
            [2] => Вафли
        )

)



### 24.06.2020 06:52:40
Array
(
    [catalog] => Array
        (
            [0] => Чай
            [1] => Печенье
            [2] => Вафли
        )

)



### 24.06.2020 06:52:41
Array
(
    [catalog] => Array
        (
            [0] => Чай
            [1] => Печенье
            [2] => Вафли
        )

)



### 24.06.2020 06:52:41
Array
(
    [catalog] => Array
        (
            [0] => Чай
            [1] => Печенье
            [2] => Вафли
        )

)



### 24.06.2020 06:52:41
Array
(
    [catalog] => Array
        (
            [0] => Чай
            [1] => Печенье
            [2] => Вафли
        )

)



### 24.06.2020 06:52:42
Array
(
    [catalog] => Array
        (
            [0] => Чай
            [1] => Печенье
            [2] => Вафли
        )

)



### 24.06.2020 06:52:42
Array
(
    [catalog] => Array
        (
            [0] => Чай
            [1] => Печенье
            [2] => Вафли
        )

)



### 24.06.2020 06:52:43
Array
(
    [catalog] => Array
        (
            [0] => Чай
            [1] => Печенье
            [2] => Вафли
        )

)



### 24.06.2020 06:52:43
Array
(
    [catalog] => Array
        (
            [0] => Чай
            [1] => Печенье
            [2] => Вафли
        )

)



### 24.06.2020 06:52:44
Array
(
    [catalog] => Array
        (
            [0] => Чай
            [1] => Печенье
            [2] => Вафли
        )

)



### 24.06.2020 06:52:44
Array
(
    [catalog] => Array
        (
            [0] => Чай
            [1] => Печенье
            [2] => Вафли
        )

)



### 24.06.2020 06:52:45
Array
(
    [catalog] => Array
        (
            [0] => Чай
            [1] => Печенье
            [2] => Вафли
        )

)



### 24.06.2020 06:52:45
Array
(
    [catalog] => Array
        (
            [0] => Чай
            [1] => Печенье
            [2] => Вафли
        )

)



### 24.06.2020 06:52:46
Array
(
    [catalog] => Array
        (
            [0] => Чай
            [1] => Печенье
            [2] => Вафли
        )

)



